<?xml version="1.0" encoding="UTF-8"?>
<testsuite xmlns:xsi="http://www.w3.org/2001/XMLSchema-instance" xsi:noNamespaceSchemaLocation="https://maven.apache.org/surefire/maven-surefire-plugin/xsd/surefire-test-report.xsd" version="3.0.2" name="helenocampos.github.io.fitapp.ImcControllerTest" time="0.101" tests="16" errors="0" skipped="0" failures="0">
  <properties>
    <property name="java.specification.version" value="17"/>
    <property name="sun.jnu.encoding" value="UTF-8"/>
    <property name="java.class.path" value="/workspaces/fitapp/target/test-classes:/workspaces/fitapp/target/classes:/home/codespace/.m2/repository/org/springframework/boot/spring-boot-starter-thymeleaf/3.4.0-SNAPSHOT/spring-boot-starter-thymeleaf-3.4.0-SNAPSHOT.jar:/home/codespace/.m2/repository/org/springframework/boot/spring-boot-starter/3.4.0-SNAPSHOT/spring-boot-starter-3.4.0-SNAPSHOT.jar:/home/codespace/.m2/repository/org/springframework/boot/spring-boot/3.4.0-SNAPSHOT/spring-boot-3.4.0-SNAPSHOT.jar:/home/codespace/.m2/repository/org/springframework/boot/spring-boot-autoconfigure/3.4.0-SNAPSHOT/spring-boot-autoconfigure-3.4.0-SNAPSHOT.jar:/home/codespace/.m2/repository/org/springframework/boot/spring-boot-starter-logging/3.4.0-SNAPSHOT/spring-boot-starter-logging-3.4.0-SNAPSHOT.jar:/home/codespace/.m2/repository/ch/qos/logback/logback-classic/1.5.11/logback-classic-1.5.11.jar:/home/codespace/.m2/repository/ch/qos/logback/logback-core/1.5.11/logback-core-1.5.11.jar:/home/codespace/.m2/repository/org/apache/logging/log4j/log4j-to-slf4j/2.24.1/log4j-to-slf4j-2.24.1.jar:/home/codespace/.m2/repository/org/apache/logging/log4j/log4j-api/2.24.1/log4j-api-2.24.1.jar:/home/codespace/.m2/repository/org/slf4j/jul-to-slf4j/2.0.16/jul-to-slf4j-2.0.16.jar:/home/codespace/.m2/repository/jakarta/annotation/jakarta.annotation-api/2.1.1/jakarta.annotation-api-2.1.1.jar:/home/codespace/.m2/repository/org/yaml/snakeyaml/2.3/snakeyaml-2.3.jar:/home/codespace/.m2/repository/org/thymeleaf/thymeleaf-spring6/3.1.2.RELEASE/thymeleaf-spring6-3.1.2.RELEASE.jar:/home/codespace/.m2/repository/org/thymeleaf/thymeleaf/3.1.2.RELEASE/thymeleaf-3.1.2.RELEASE.jar:/home/codespace/.m2/repository/org/attoparser/attoparser/2.0.7.RELEASE/attoparser-2.0.7.RELEASE.jar:/home/codespace/.m2/repository/org/unbescape/unbescape/1.1.6.RELEASE/unbescape-1.1.6.RELEASE.jar:/home/codespace/.m2/repository/org/slf4j/slf4j-api/2.0.16/slf4j-api-2.0.16.jar:/home/codespace/.m2/repository/org/springframework/boot/spring-boot-starter-web/3.4.0-SNAPSHOT/spring-boot-starter-web-3.4.0-SNAPSHOT.jar:/home/codespace/.m2/repository/org/springframework/boot/spring-boot-starter-json/3.4.0-SNAPSHOT/spring-boot-starter-json-3.4.0-SNAPSHOT.jar:/home/codespace/.m2/repository/com/fasterxml/jackson/core/jackson-databind/2.18.0/jackson-databind-2.18.0.jar:/home/codespace/.m2/repository/com/fasterxml/jackson/core/jackson-annotations/2.18.0/jackson-annotations-2.18.0.jar:/home/codespace/.m2/repository/com/fasterxml/jackson/core/jackson-core/2.18.0/jackson-core-2.18.0.jar:/home/codespace/.m2/repository/com/fasterxml/jackson/datatype/jackson-datatype-jdk8/2.18.0/jackson-datatype-jdk8-2.18.0.jar:/home/codespace/.m2/repository/com/fasterxml/jackson/datatype/jackson-datatype-jsr310/2.18.0/jackson-datatype-jsr310-2.18.0.jar:/home/codespace/.m2/repository/com/fasterxml/jackson/module/jackson-module-parameter-names/2.18.0/jackson-module-parameter-names-2.18.0.jar:/home/codespace/.m2/repository/org/springframework/boot/spring-boot-starter-tomcat/3.4.0-SNAPSHOT/spring-boot-starter-tomcat-3.4.0-SNAPSHOT.jar:/home/codespace/.m2/repository/org/apache/tomcat/embed/tomcat-embed-core/10.1.31/tomcat-embed-core-10.1.31.jar:/home/codespace/.m2/repository/org/apache/tomcat/embed/tomcat-embed-el/10.1.31/tomcat-embed-el-10.1.31.jar:/home/codespace/.m2/repository/org/apache/tomcat/embed/tomcat-embed-websocket/10.1.31/tomcat-embed-websocket-10.1.31.jar:/home/codespace/.m2/repository/org/springframework/spring-web/6.2.0-RC3/spring-web-6.2.0-RC3.jar:/home/codespace/.m2/repository/org/springframework/spring-beans/6.2.0-RC3/spring-beans-6.2.0-RC3.jar:/home/codespace/.m2/repository/io/micrometer/micrometer-observation/1.14.0-RC1/micrometer-observation-1.14.0-RC1.jar:/home/codespace/.m2/repository/io/micrometer/micrometer-commons/1.14.0-RC1/micrometer-commons-1.14.0-RC1.jar:/home/codespace/.m2/repository/org/springframework/spring-webmvc/6.2.0-RC3/spring-webmvc-6.2.0-RC3.jar:/home/codespace/.m2/repository/org/springframework/spring-aop/6.2.0-RC3/spring-aop-6.2.0-RC3.jar:/home/codespace/.m2/repository/org/springframework/spring-context/6.2.0-RC3/spring-context-6.2.0-RC3.jar:/home/codespace/.m2/repository/org/springframework/spring-expression/6.2.0-RC3/spring-expression-6.2.0-RC3.jar:/home/codespace/.m2/repository/org/json/json/20240303/json-20240303.jar:/home/codespace/.m2/repository/org/springframework/boot/spring-boot-starter-test/3.4.0-SNAPSHOT/spring-boot-starter-test-3.4.0-SNAPSHOT.jar:/home/codespace/.m2/repository/org/springframework/boot/spring-boot-test/3.4.0-SNAPSHOT/spring-boot-test-3.4.0-SNAPSHOT.jar:/home/codespace/.m2/repository/org/springframework/boot/spring-boot-test-autoconfigure/3.4.0-SNAPSHOT/spring-boot-test-autoconfigure-3.4.0-SNAPSHOT.jar:/home/codespace/.m2/repository/com/jayway/jsonpath/json-path/2.9.0/json-path-2.9.0.jar:/home/codespace/.m2/repository/jakarta/xml/bind/jakarta.xml.bind-api/4.0.2/jakarta.xml.bind-api-4.0.2.jar:/home/codespace/.m2/repository/jakarta/activation/jakarta.activation-api/2.1.3/jakarta.activation-api-2.1.3.jar:/home/codespace/.m2/repository/net/minidev/json-smart/2.5.1/json-smart-2.5.1.jar:/home/codespace/.m2/repository/net/minidev/accessors-smart/2.5.1/accessors-smart-2.5.1.jar:/home/codespace/.m2/repository/org/ow2/asm/asm/9.6/asm-9.6.jar:/home/codespace/.m2/repository/org/assertj/assertj-core/3.26.3/assertj-core-3.26.3.jar:/home/codespace/.m2/repository/net/bytebuddy/byte-buddy/1.15.7/byte-buddy-1.15.7.jar:/home/codespace/.m2/repository/org/awaitility/awaitility/4.2.2/awaitility-4.2.2.jar:/home/codespace/.m2/repository/org/hamcrest/hamcrest/2.2/hamcrest-2.2.jar:/home/codespace/.m2/repository/org/junit/jupiter/junit-jupiter/5.11.3/junit-jupiter-5.11.3.jar:/home/codespace/.m2/repository/org/junit/jupiter/junit-jupiter-api/5.11.3/junit-jupiter-api-5.11.3.jar:/home/codespace/.m2/repository/org/opentest4j/opentest4j/1.3.0/opentest4j-1.3.0.jar:/home/codespace/.m2/repository/org/junit/platform/junit-platform-commons/1.11.3/junit-platform-commons-1.11.3.jar:/home/codespace/.m2/repository/org/apiguardian/apiguardian-api/1.1.2/apiguardian-api-1.1.2.jar:/home/codespace/.m2/repository/org/junit/jupiter/junit-jupiter-params/5.11.3/junit-jupiter-params-5.11.3.jar:/home/codespace/.m2/repository/org/junit/jupiter/junit-jupiter-engine/5.11.3/junit-jupiter-engine-5.11.3.jar:/home/codespace/.m2/repository/org/junit/platform/junit-platform-engine/1.11.3/junit-platform-engine-1.11.3.jar:/home/codespace/.m2/repository/org/mockito/mockito-core/5.14.2/mockito-core-5.14.2.jar:/home/codespace/.m2/repository/net/bytebuddy/byte-buddy-agent/1.15.7/byte-buddy-agent-1.15.7.jar:/home/codespace/.m2/repository/org/objenesis/objenesis/3.3/objenesis-3.3.jar:/home/codespace/.m2/repository/org/mockito/mockito-junit-jupiter/5.14.2/mockito-junit-jupiter-5.14.2.jar:/home/codespace/.m2/repository/org/skyscreamer/jsonassert/1.5.3/jsonassert-1.5.3.jar:/home/codespace/.m2/repository/com/vaadin/external/google/android-json/0.0.20131108.vaadin1/android-json-0.0.20131108.vaadin1.jar:/home/codespace/.m2/repository/org/springframework/spring-core/6.2.0-RC3/spring-core-6.2.0-RC3.jar:/home/codespace/.m2/repository/org/springframework/spring-jcl/6.2.0-RC3/spring-jcl-6.2.0-RC3.jar:/home/codespace/.m2/repository/org/springframework/spring-test/6.2.0-RC3/spring-test-6.2.0-RC3.jar:/home/codespace/.m2/repository/org/xmlunit/xmlunit-core/2.10.0/xmlunit-core-2.10.0.jar:"/>
    <property name="java.vm.vendor" value="Amazon.com Inc."/>
    <property name="sun.arch.data.model" value="64"/>
    <property name="java.vendor.url" value="https://aws.amazon.com/corretto/"/>
    <property name="user.timezone" value="Etc/UTC"/>
    <property name="os.name" value="Linux"/>
    <property name="java.vm.specification.version" value="17"/>
    <property name="APPLICATION_NAME" value="fitapp"/>
    <property name="sun.java.launcher" value="SUN_STANDARD"/>
    <property name="sun.boot.library.path" value="/usr/local/sdkman/candidates/java/17.0.13-amzn/lib"/>
    <property name="sun.java.command" value="/workspaces/fitapp/target/surefire/surefirebooter-20241026000637288_3.jar /workspaces/fitapp/target/surefire 2024-10-26T00-06-37_198-jvmRun1 surefire-20241026000637288_1tmp surefire_0-20241026000637288_2tmp"/>
    <property name="jdk.debug" value="release"/>
    <property name="surefire.test.class.path" value="/workspaces/fitapp/target/test-classes:/workspaces/fitapp/target/classes:/home/codespace/.m2/repository/org/springframework/boot/spring-boot-starter-thymeleaf/3.4.0-SNAPSHOT/spring-boot-starter-thymeleaf-3.4.0-SNAPSHOT.jar:/home/codespace/.m2/repository/org/springframework/boot/spring-boot-starter/3.4.0-SNAPSHOT/spring-boot-starter-3.4.0-SNAPSHOT.jar:/home/codespace/.m2/repository/org/springframework/boot/spring-boot/3.4.0-SNAPSHOT/spring-boot-3.4.0-SNAPSHOT.jar:/home/codespace/.m2/repository/org/springframework/boot/spring-boot-autoconfigure/3.4.0-SNAPSHOT/spring-boot-autoconfigure-3.4.0-SNAPSHOT.jar:/home/codespace/.m2/repository/org/springframework/boot/spring-boot-starter-logging/3.4.0-SNAPSHOT/spring-boot-starter-logging-3.4.0-SNAPSHOT.jar:/home/codespace/.m2/repository/ch/qos/logback/logback-classic/1.5.11/logback-classic-1.5.11.jar:/home/codespace/.m2/repository/ch/qos/logback/logback-core/1.5.11/logback-core-1.5.11.jar:/home/codespace/.m2/repository/org/apache/logging/log4j/log4j-to-slf4j/2.24.1/log4j-to-slf4j-2.24.1.jar:/home/codespace/.m2/repository/org/apache/logging/log4j/log4j-api/2.24.1/log4j-api-2.24.1.jar:/home/codespace/.m2/repository/org/slf4j/jul-to-slf4j/2.0.16/jul-to-slf4j-2.0.16.jar:/home/codespace/.m2/repository/jakarta/annotation/jakarta.annotation-api/2.1.1/jakarta.annotation-api-2.1.1.jar:/home/codespace/.m2/repository/org/yaml/snakeyaml/2.3/snakeyaml-2.3.jar:/home/codespace/.m2/repository/org/thymeleaf/thymeleaf-spring6/3.1.2.RELEASE/thymeleaf-spring6-3.1.2.RELEASE.jar:/home/codespace/.m2/repository/org/thymeleaf/thymeleaf/3.1.2.RELEASE/thymeleaf-3.1.2.RELEASE.jar:/home/codespace/.m2/repository/org/attoparser/attoparser/2.0.7.RELEASE/attoparser-2.0.7.RELEASE.jar:/home/codespace/.m2/repository/org/unbescape/unbescape/1.1.6.RELEASE/unbescape-1.1.6.RELEASE.jar:/home/codespace/.m2/repository/org/slf4j/slf4j-api/2.0.16/slf4j-api-2.0.16.jar:/home/codespace/.m2/repository/org/springframework/boot/spring-boot-starter-web/3.4.0-SNAPSHOT/spring-boot-starter-web-3.4.0-SNAPSHOT.jar:/home/codespace/.m2/repository/org/springframework/boot/spring-boot-starter-json/3.4.0-SNAPSHOT/spring-boot-starter-json-3.4.0-SNAPSHOT.jar:/home/codespace/.m2/repository/com/fasterxml/jackson/core/jackson-databind/2.18.0/jackson-databind-2.18.0.jar:/home/codespace/.m2/repository/com/fasterxml/jackson/core/jackson-annotations/2.18.0/jackson-annotations-2.18.0.jar:/home/codespace/.m2/repository/com/fasterxml/jackson/core/jackson-core/2.18.0/jackson-core-2.18.0.jar:/home/codespace/.m2/repository/com/fasterxml/jackson/datatype/jackson-datatype-jdk8/2.18.0/jackson-datatype-jdk8-2.18.0.jar:/home/codespace/.m2/repository/com/fasterxml/jackson/datatype/jackson-datatype-jsr310/2.18.0/jackson-datatype-jsr310-2.18.0.jar:/home/codespace/.m2/repository/com/fasterxml/jackson/module/jackson-module-parameter-names/2.18.0/jackson-module-parameter-names-2.18.0.jar:/home/codespace/.m2/repository/org/springframework/boot/spring-boot-starter-tomcat/3.4.0-SNAPSHOT/spring-boot-starter-tomcat-3.4.0-SNAPSHOT.jar:/home/codespace/.m2/repository/org/apache/tomcat/embed/tomcat-embed-core/10.1.31/tomcat-embed-core-10.1.31.jar:/home/codespace/.m2/repository/org/apache/tomcat/embed/tomcat-embed-el/10.1.31/tomcat-embed-el-10.1.31.jar:/home/codespace/.m2/repository/org/apache/tomcat/embed/tomcat-embed-websocket/10.1.31/tomcat-embed-websocket-10.1.31.jar:/home/codespace/.m2/repository/org/springframework/spring-web/6.2.0-RC3/spring-web-6.2.0-RC3.jar:/home/codespace/.m2/repository/org/springframework/spring-beans/6.2.0-RC3/spring-beans-6.2.0-RC3.jar:/home/codespace/.m2/repository/io/micrometer/micrometer-observation/1.14.0-RC1/micrometer-observation-1.14.0-RC1.jar:/home/codespace/.m2/repository/io/micrometer/micrometer-commons/1.14.0-RC1/micrometer-commons-1.14.0-RC1.jar:/home/codespace/.m2/repository/org/springframework/spring-webmvc/6.2.0-RC3/spring-webmvc-6.2.0-RC3.jar:/home/codespace/.m2/repository/org/springframework/spring-aop/6.2.0-RC3/spring-aop-6.2.0-RC3.jar:/home/codespace/.m2/repository/org/springframework/spring-context/6.2.0-RC3/spring-context-6.2.0-RC3.jar:/home/codespace/.m2/repository/org/springframework/spring-expression/6.2.0-RC3/spring-expression-6.2.0-RC3.jar:/home/codespace/.m2/repository/org/json/json/20240303/json-20240303.jar:/home/codespace/.m2/repository/org/springframework/boot/spring-boot-starter-test/3.4.0-SNAPSHOT/spring-boot-starter-test-3.4.0-SNAPSHOT.jar:/home/codespace/.m2/repository/org/springframework/boot/spring-boot-test/3.4.0-SNAPSHOT/spring-boot-test-3.4.0-SNAPSHOT.jar:/home/codespace/.m2/repository/org/springframework/boot/spring-boot-test-autoconfigure/3.4.0-SNAPSHOT/spring-boot-test-autoconfigure-3.4.0-SNAPSHOT.jar:/home/codespace/.m2/repository/com/jayway/jsonpath/json-path/2.9.0/json-path-2.9.0.jar:/home/codespace/.m2/repository/jakarta/xml/bind/jakarta.xml.bind-api/4.0.2/jakarta.xml.bind-api-4.0.2.jar:/home/codespace/.m2/repository/jakarta/activation/jakarta.activation-api/2.1.3/jakarta.activation-api-2.1.3.jar:/home/codespace/.m2/repository/net/minidev/json-smart/2.5.1/json-smart-2.5.1.jar:/home/codespace/.m2/repository/net/minidev/accessors-smart/2.5.1/accessors-smart-2.5.1.jar:/home/codespace/.m2/repository/org/ow2/asm/asm/9.6/asm-9.6.jar:/home/codespace/.m2/repository/org/assertj/assertj-core/3.26.3/assertj-core-3.26.3.jar:/home/codespace/.m2/repository/net/bytebuddy/byte-buddy/1.15.7/byte-buddy-1.15.7.jar:/home/codespace/.m2/repository/org/awaitility/awaitility/4.2.2/awaitility-4.2.2.jar:/home/codespace/.m2/repository/org/hamcrest/hamcrest/2.2/hamcrest-2.2.jar:/home/codespace/.m2/repository/org/junit/jupiter/junit-jupiter/5.11.3/junit-jupiter-5.11.3.jar:/home/codespace/.m2/repository/org/junit/jupiter/junit-jupiter-api/5.11.3/junit-jupiter-api-5.11.3.jar:/home/codespace/.m2/repository/org/opentest4j/opentest4j/1.3.0/opentest4j-1.3.0.jar:/home/codespace/.m2/repository/org/junit/platform/junit-platform-commons/1.11.3/junit-platform-commons-1.11.3.jar:/home/codespace/.m2/repository/org/apiguardian/apiguardian-api/1.1.2/apiguardian-api-1.1.2.jar:/home/codespace/.m2/repository/org/junit/jupiter/junit-jupiter-params/5.11.3/junit-jupiter-params-5.11.3.jar:/home/codespace/.m2/repository/org/junit/jupiter/junit-jupiter-engine/5.11.3/junit-jupiter-engine-5.11.3.jar:/home/codespace/.m2/repository/org/junit/platform/junit-platform-engine/1.11.3/junit-platform-engine-1.11.3.jar:/home/codespace/.m2/repository/org/mockito/mockito-core/5.14.2/mockito-core-5.14.2.jar:/home/codespace/.m2/repository/net/bytebuddy/byte-buddy-agent/1.15.7/byte-buddy-agent-1.15.7.jar:/home/codespace/.m2/repository/org/objenesis/objenesis/3.3/objenesis-3.3.jar:/home/codespace/.m2/repository/org/mockito/mockito-junit-jupiter/5.14.2/mockito-junit-jupiter-5.14.2.jar:/home/codespace/.m2/repository/org/skyscreamer/jsonassert/1.5.3/jsonassert-1.5.3.jar:/home/codespace/.m2/repository/com/vaadin/external/google/android-json/0.0.20131108.vaadin1/android-json-0.0.20131108.vaadin1.jar:/home/codespace/.m2/repository/org/springframework/spring-core/6.2.0-RC3/spring-core-6.2.0-RC3.jar:/home/codespace/.m2/repository/org/springframework/spring-jcl/6.2.0-RC3/spring-jcl-6.2.0-RC3.jar:/home/codespace/.m2/repository/org/springframework/spring-test/6.2.0-RC3/spring-test-6.2.0-RC3.jar:/home/codespace/.m2/repository/org/xmlunit/xmlunit-core/2.10.0/xmlunit-core-2.10.0.jar:"/>
    <property name="sun.cpu.endian" value="little"/>
    <property name="user.home" value="/home/codespace"/>
    <property name="user.language" value="en"/>
    <property name="java.specification.vendor" value="Oracle Corporation"/>
    <property name="java.version.date" value="2024-10-15"/>
    <property name="java.home" value="/usr/local/sdkman/candidates/java/17.0.13-amzn"/>
    <property name="file.separator" value="/"/>
    <property name="basedir" value="/workspaces/fitapp"/>
    <property name="java.vm.compressedOopsMode" value="32-bit"/>
    <property name="line.separator" value="&#10;"/>
    <property name="java.specification.name" value="Java Platform API Specification"/>
    <property name="java.vm.specification.vendor" value="Oracle Corporation"/>
    <property name="FILE_LOG_CHARSET" value="UTF-8"/>
    <property name="java.awt.headless" value="true"/>
    <property name="surefire.real.class.path" value="/workspaces/fitapp/target/surefire/surefirebooter-20241026000637288_3.jar"/>
    <property name="sun.management.compiler" value="HotSpot 64-Bit Tiered Compilers"/>
    <property name="java.runtime.version" value="17.0.13+11-LTS"/>
    <property name="user.name" value="codespace"/>
    <property name="path.separator" value=":"/>
    <property name="os.version" value="6.5.0-1025-azure"/>
    <property name="java.runtime.name" value="OpenJDK Runtime Environment"/>
    <property name="file.encoding" value="UTF-8"/>
    <property name="java.vm.name" value="OpenJDK 64-Bit Server VM"/>
    <property name="java.vendor.version" value="Corretto-17.0.13.11.1"/>
    <property name="localRepository" value="/home/codespace/.m2/repository"/>
    <property name="java.vendor.url.bug" value="https://github.com/corretto/corretto-17/issues/"/>
    <property name="java.io.tmpdir" value="/tmp"/>
    <property name="java.version" value="17.0.13"/>
    <property name="user.dir" value="/workspaces/fitapp"/>
    <property name="os.arch" value="amd64"/>
    <property name="java.vm.specification.name" value="Java Virtual Machine Specification"/>
    <property name="PID" value="29911"/>
    <property name="CONSOLE_LOG_CHARSET" value="UTF-8"/>
    <property name="native.encoding" value="UTF-8"/>
    <property name="java.library.path" value="/usr/java/packages/lib:/usr/lib64:/lib64:/lib:/usr/lib"/>
    <property name="java.vm.info" value="mixed mode, sharing"/>
    <property name="java.vendor" value="Amazon.com Inc."/>
    <property name="java.vm.version" value="17.0.13+11-LTS"/>
    <property name="java.specification.maintenance.version" value="1"/>
    <property name="sun.io.unicode.encoding" value="UnicodeLittle"/>
    <property name="java.class.version" value="61.0"/>
    <property name="LOGGED_APPLICATION_NAME" value="[fitapp] "/>
  </properties>
  <testcase name="testGetIMCClassificationByGender_ObesidadeLeve" classname="helenocampos.github.io.fitapp.ImcControllerTest" time="0.057"/>
  <testcase name="testGetIMCClassification_PesoNormal" classname="helenocampos.github.io.fitapp.ImcControllerTest" time="0.001"/>
  <testcase name="testGetIMCClassificationByGender_AbaixoPesoFeminino" classname="helenocampos.github.io.fitapp.ImcControllerTest" time="0.001"/>
  <testcase name="testGetGeneroPt_Infefinido" classname="helenocampos.github.io.fitapp.ImcControllerTest" time="0.001"/>
  <testcase name="testImcValue" classname="helenocampos.github.io.fitapp.ImcControllerTest" time="0.001"/>
  <testcase name="testGetIMCClassification_ExcessoPeso" classname="helenocampos.github.io.fitapp.ImcControllerTest" time="0.001"/>
  <testcase name="testGetIMCClassificationByGender_HiperObeso" classname="helenocampos.github.io.fitapp.ImcControllerTest" time="0.001"/>
  <testcase name="testGetIMCClassificationByGender_AbaixoPeso" classname="helenocampos.github.io.fitapp.ImcControllerTest" time="0.005"/>
  <testcase name="testImcValueAltura1" classname="helenocampos.github.io.fitapp.ImcControllerTest" time="0.001"/>
  <testcase name="testGetIMCClassificationByGender_ObesidadeModerada" classname="helenocampos.github.io.fitapp.ImcControllerTest" time="0.008"/>
  <testcase name="testGetGeneroPt_female" classname="helenocampos.github.io.fitapp.ImcControllerTest" time="0.001"/>
  <testcase name="testGetGeneroPt_male" classname="helenocampos.github.io.fitapp.ImcControllerTest" time="0.001"/>
  <testcase name="testGetIMCClassification_Obeso_1" classname="helenocampos.github.io.fitapp.ImcControllerTest" time="0.001"/>
  <testcase name="testGetIMCClassification_Obeso_2" classname="helenocampos.github.io.fitapp.ImcControllerTest" time="0.001"/>
  <testcase name="testGetIMCClassificationByGender_PesoNormal" classname="helenocampos.github.io.fitapp.ImcControllerTest" time="0.001"/>
  <testcase name="testGetIMCClassification_HiperObeso" classname="helenocampos.github.io.fitapp.ImcControllerTest" time="0.001"/>
</testsuite>